<?xml version="1.0" encoding="UTF-8"?>
<testng-results skipped="0" failed="0" total="1" passed="1">
  <reporter-output>
  </reporter-output>
  <suite name="Default suite" duration-ms="2600" started-at="2019-07-09T18:17:48Z" finished-at="2019-07-09T18:17:51Z">
    <groups>
    </groups>
    <test name="Default test" duration-ms="2600" started-at="2019-07-09T18:17:48Z" finished-at="2019-07-09T18:17:51Z">
      <class name="com.sscs.testng.ProjCertTest">
        <test-method status="PASS" signature="launch()[pri:0, instance:com.sscs.testng.ProjCertTest@2ef5e5e3]" name="launch" is-config="true" duration-ms="2440" started-at="2019-07-09T14:17:48Z" finished-at="2019-07-09T14:17:51Z">
          <reporter-output>
          </reporter-output>
        </test-method> <!-- launch -->
        <test-method status="PASS" signature="verifyTitle()[pri:0, instance:com.sscs.testng.ProjCertTest@2ef5e5e3]" name="verifyTitle" duration-ms="13" started-at="2019-07-09T14:17:51Z" finished-at="2019-07-09T14:17:51Z">
          <reporter-output>
          </reporter-output>
        </test-method> <!-- verifyTitle -->
        <test-method status="PASS" signature="close()[pri:0, instance:com.sscs.testng.ProjCertTest@2ef5e5e3]" name="close" is-config="true" duration-ms="138" started-at="2019-07-09T14:17:51Z" finished-at="2019-07-09T14:17:51Z">
          <reporter-output>
          </reporter-output>
        </test-method> <!-- close -->
      </class> <!-- com.sscs.testng.ProjCertTest -->
    </test> <!-- Default test -->
  </suite> <!-- Default suite -->
</testng-results>
